This file contains any messages produced by compilers while
running configure, to aid debugging if configure makes a mistake.

It was created by Colorasion configure 0.0.1, which was
generated by GNU Autoconf 2.57.  Invocation command line was

  $ ./configure 

## --------- ##
## Platform. ##
## --------- ##

hostname = penpen
uname -m = i686
uname -r = 2.4.22-1-k7
uname -s = Linux
uname -v = #5 Sat Oct 4 14:11:12 EST 2003

/usr/bin/uname -p = unknown
/bin/uname -X     = unknown

/bin/arch              = i686
/usr/bin/arch -k       = unknown
/usr/convex/getsysinfo = unknown
hostinfo               = unknown
/bin/machine           = unknown
/usr/bin/oslevel       = unknown
/bin/universe          = unknown

PATH: /usr/local/bin
PATH: /usr/bin
PATH: /bin
PATH: /usr/bin/X11
PATH: /usr/games
PATH: /usr/local/games
PATH: /home/ingo/bin


## ----------- ##
## Core tests. ##
## ----------- ##

configure:1330: checking for a BSD-compatible install
configure:1384: result: /usr/bin/install -c
configure:1395: checking whether build environment is sane
configure:1438: result: yes
configure:1471: checking for gawk
configure:1487: found /usr/bin/gawk
configure:1497: result: gawk
configure:1507: checking whether make sets $(MAKE)
configure:1527: result: yes
configure:1786: checking for C++ compiler version
configure:1789: g++-3.3 --version </dev/null >&5
g++-3.3 (GCC) 3.3.3 20040125 (prerelease) (Debian)
Copyright (C) 2003 Free Software Foundation, Inc.
This is free software; see the source for copying conditions.  There is NO
warranty; not even for MERCHANTABILITY or FITNESS FOR A PARTICULAR PURPOSE.

configure:1792: $? = 0
configure:1794: g++-3.3 -v </dev/null >&5
Reading specs from /usr/lib/gcc-lib/i486-linux/3.3.3/specs
Configured with: ../src/configure -v --enable-languages=c,c++,java,f77,pascal,objc,ada,treelang --prefix=/usr --mandir=/usr/share/man --infodir=/usr/share/info --with-gxx-include-dir=/usr/include/c++/3.3 --enable-shared --with-system-zlib --enable-nls --without-included-gettext --enable-__cxa_atexit --enable-clocale=gnu --enable-debug --enable-java-gc=boehm --enable-java-awt=xlib --enable-objc-gc i486-linux
Thread model: posix
gcc version 3.3.3 20040125 (prerelease) (Debian)
configure:1797: $? = 0
configure:1799: g++-3.3 -V </dev/null >&5
g++-3.3: `-V' option must have argument
configure:1802: $? = 1
configure:1826: checking for C++ compiler default output
configure:1829: g++-3.3    conftest.cc  >&5
configure:1832: $? = 0
configure:1878: result: a.out
configure:1883: checking whether the C++ compiler works
configure:1889: ./a.out
configure:1892: $? = 0
configure:1909: result: yes
configure:1916: checking whether we are cross compiling
configure:1918: result: no
configure:1921: checking for suffix of executables
configure:1923: g++-3.3 -o conftest    conftest.cc  >&5
configure:1926: $? = 0
configure:1951: result: 
configure:1957: checking for suffix of object files
configure:1979: g++-3.3 -c   conftest.cc >&5
configure:1982: $? = 0
configure:2004: result: o
configure:2008: checking whether we are using the GNU C++ compiler
configure:2033: g++-3.3 -c   conftest.cc >&5
configure:2036: $? = 0
configure:2039: test -s conftest.o
configure:2042: $? = 0
configure:2055: result: yes
configure:2061: checking whether g++-3.3 accepts -g
configure:2083: g++-3.3 -c -g  conftest.cc >&5
configure:2086: $? = 0
configure:2089: test -s conftest.o
configure:2092: $? = 0
configure:2103: result: yes
configure:2146: g++-3.3 -c -g -O2  conftest.cc >&5
configure:2149: $? = 0
configure:2152: test -s conftest.o
configure:2155: $? = 0
configure:2182: g++-3.3 -c -g -O2  conftest.cc >&5
configure: In function `int main()':
configure:2179: error: `exit' undeclared (first use this function)
configure:2179: error: (Each undeclared identifier is reported only once for 
   each function it appears in.)
configure:2185: $? = 1
configure: failed program was:
| #line 2165 "configure"
| /* confdefs.h.  */
| 
| #define PACKAGE_NAME "Colorasion"
| #define PACKAGE_TARNAME "colorasion"
| #define PACKAGE_VERSION "0.0.1"
| #define PACKAGE_STRING "Colorasion 0.0.1"
| #define PACKAGE_BUGREPORT ""
| #define PACKAGE "colorasion"
| #define VERSION "0.0.1"
| /* end confdefs.h.  */
| 
| int
| main ()
| {
| exit (42);
|   ;
|   return 0;
| }
configure:2146: g++-3.3 -c -g -O2  conftest.cc >&5
configure:2149: $? = 0
configure:2152: test -s conftest.o
configure:2155: $? = 0
configure:2182: g++-3.3 -c -g -O2  conftest.cc >&5
configure:2185: $? = 0
configure:2188: test -s conftest.o
configure:2191: $? = 0
configure:2225: checking for style of include used by make
configure:2253: result: GNU
configure:2281: checking dependency style of g++-3.3
configure:2364: result: gcc3
configure:2427: checking for gcc
configure:2443: found /usr/bin/gcc
configure:2453: result: gcc
configure:2697: checking for C compiler version
configure:2700: gcc --version </dev/null >&5
gcc.real (GCC) 3.3.3 20040125 (prerelease) (Debian)
Copyright (C) 2003 Free Software Foundation, Inc.
This is free software; see the source for copying conditions.  There is NO
warranty; not even for MERCHANTABILITY or FITNESS FOR A PARTICULAR PURPOSE.

configure:2703: $? = 0
configure:2705: gcc -v </dev/null >&5
Reading specs from /usr/lib/gcc-lib/i486-linux/3.3.3/specs
Configured with: ../src/configure -v --enable-languages=c,c++,java,f77,pascal,objc,ada,treelang --prefix=/usr --mandir=/usr/share/man --infodir=/usr/share/info --with-gxx-include-dir=/usr/include/c++/3.3 --enable-shared --with-system-zlib --enable-nls --without-included-gettext --enable-__cxa_atexit --enable-clocale=gnu --enable-debug --enable-java-gc=boehm --enable-java-awt=xlib --enable-objc-gc i486-linux
Thread model: posix
gcc version 3.3.3 20040125 (prerelease) (Debian)
configure:2708: $? = 0
configure:2710: gcc -V </dev/null >&5
gcc.real: `-V' option must have argument
configure:2713: $? = 1
configure:2716: checking whether we are using the GNU C compiler
configure:2741: gcc -c   conftest.c >&5
configure:2744: $? = 0
configure:2747: test -s conftest.o
configure:2750: $? = 0
configure:2763: result: yes
configure:2769: checking whether gcc accepts -g
configure:2791: gcc -c -g  conftest.c >&5
configure:2794: $? = 0
configure:2797: test -s conftest.o
configure:2800: $? = 0
configure:2811: result: yes
configure:2828: checking for gcc option to accept ANSI C
configure:2889: gcc  -c -g -O2  conftest.c >&5
configure:2892: $? = 0
configure:2895: test -s conftest.o
configure:2898: $? = 0
configure:2916: result: none needed
configure:2934: gcc -c -g -O2  conftest.c >&5
conftest.c:2: error: parse error before "me"
configure:2937: $? = 1
configure: failed program was:
| #ifndef __cplusplus
|   choke me
| #endif
configure:3047: checking dependency style of gcc
configure:3130: result: gcc3
configure:3159: checking for a BSD-compatible install
configure:3213: result: /usr/bin/install -c
configure:3267: checking for ranlib
configure:3283: found /usr/bin/ranlib
configure:3294: result: ranlib
configure:3315: checking for maintainer mode
configure:3330: result: disabled
configure:3336: checking for main in -lqthreads
configure:3361: g++-3.3 -o conftest -g -O2   conftest.cc -lqthreads   >&5
configure:3364: $? = 0
configure:3367: test -s conftest
configure:3370: $? = 0
configure:3382: result: yes
configure:3394: checking for scm_boot_guile in -lguile
configure:3425: g++-3.3 -o conftest -g -O2   conftest.cc -lguile  -lqthreads  >&5
configure:3428: $? = 0
configure:3431: test -s conftest
configure:3434: $? = 0
configure:3446: result: yes
configure:3462: checking how to run the C++ preprocessor
configure:3494: g++-3.3 -E  conftest.cc
configure:3500: $? = 0
configure:3532: g++-3.3 -E  conftest.cc
configure:3538:28: ac_nonexistent.h: No such file or directory
configure:3538: $? = 1
configure: failed program was:
| #line 3523 "configure"
| /* confdefs.h.  */
| 
| #define PACKAGE_NAME "Colorasion"
| #define PACKAGE_TARNAME "colorasion"
| #define PACKAGE_VERSION "0.0.1"
| #define PACKAGE_STRING "Colorasion 0.0.1"
| #define PACKAGE_BUGREPORT ""
| #define PACKAGE "colorasion"
| #define VERSION "0.0.1"
| #ifdef __cplusplus
| extern "C" void std::exit (int) throw (); using std::exit;
| #endif
| #define HAVE_LIBQTHREADS 1
| #define HAVE_LIBGUILE 1
| /* end confdefs.h.  */
| #include <ac_nonexistent.h>
configure:3576: result: g++-3.3 -E
configure:3601: g++-3.3 -E  conftest.cc
configure:3607: $? = 0
configure:3639: g++-3.3 -E  conftest.cc
configure:3645:28: ac_nonexistent.h: No such file or directory
configure:3645: $? = 1
configure: failed program was:
| #line 3630 "configure"
| /* confdefs.h.  */
| 
| #define PACKAGE_NAME "Colorasion"
| #define PACKAGE_TARNAME "colorasion"
| #define PACKAGE_VERSION "0.0.1"
| #define PACKAGE_STRING "Colorasion 0.0.1"
| #define PACKAGE_BUGREPORT ""
| #define PACKAGE "colorasion"
| #define VERSION "0.0.1"
| #ifdef __cplusplus
| extern "C" void std::exit (int) throw (); using std::exit;
| #endif
| #define HAVE_LIBQTHREADS 1
| #define HAVE_LIBGUILE 1
| /* end confdefs.h.  */
| #include <ac_nonexistent.h>
configure:3688: checking for egrep
configure:3698: result: grep -E
configure:3703: checking for ANSI C header files
configure:3729: g++-3.3 -c -g -O2  conftest.cc >&5
configure:3732: $? = 0
configure:3735: test -s conftest.o
configure:3738: $? = 0
configure:3827: g++-3.3 -o conftest -g -O2   conftest.cc -lguile -lqthreads  >&5
configure:3830: $? = 0
configure:3832: ./conftest
configure:3835: $? = 0
configure:3850: result: yes
configure:3874: checking for sys/types.h
configure:3891: g++-3.3 -c -g -O2  conftest.cc >&5
configure:3894: $? = 0
configure:3897: test -s conftest.o
configure:3900: $? = 0
configure:3911: result: yes
configure:3874: checking for sys/stat.h
configure:3891: g++-3.3 -c -g -O2  conftest.cc >&5
configure:3894: $? = 0
configure:3897: test -s conftest.o
configure:3900: $? = 0
configure:3911: result: yes
configure:3874: checking for stdlib.h
configure:3891: g++-3.3 -c -g -O2  conftest.cc >&5
configure:3894: $? = 0
configure:3897: test -s conftest.o
configure:3900: $? = 0
configure:3911: result: yes
configure:3874: checking for string.h
configure:3891: g++-3.3 -c -g -O2  conftest.cc >&5
configure:3894: $? = 0
configure:3897: test -s conftest.o
configure:3900: $? = 0
configure:3911: result: yes
configure:3874: checking for memory.h
configure:3891: g++-3.3 -c -g -O2  conftest.cc >&5
configure:3894: $? = 0
configure:3897: test -s conftest.o
configure:3900: $? = 0
configure:3911: result: yes
configure:3874: checking for strings.h
configure:3891: g++-3.3 -c -g -O2  conftest.cc >&5
configure:3894: $? = 0
configure:3897: test -s conftest.o
configure:3900: $? = 0
configure:3911: result: yes
configure:3874: checking for inttypes.h
configure:3891: g++-3.3 -c -g -O2  conftest.cc >&5
configure:3894: $? = 0
configure:3897: test -s conftest.o
configure:3900: $? = 0
configure:3911: result: yes
configure:3874: checking for stdint.h
configure:3891: g++-3.3 -c -g -O2  conftest.cc >&5
configure:3894: $? = 0
configure:3897: test -s conftest.o
configure:3900: $? = 0
configure:3911: result: yes
configure:3874: checking for unistd.h
configure:3891: g++-3.3 -c -g -O2  conftest.cc >&5
configure:3894: $? = 0
configure:3897: test -s conftest.o
configure:3900: $? = 0
configure:3911: result: yes
configure:3933: checking guile/gh.h usability
configure:3946: g++-3.3 -c -g -O2  conftest.cc >&5
configure:3949: $? = 0
configure:3952: test -s conftest.o
configure:3955: $? = 0
configure:3965: result: yes
configure:3969: checking guile/gh.h presence
configure:3980: g++-3.3 -E  conftest.cc
configure:3986: $? = 0
configure:4005: result: yes
configure:4041: checking for guile/gh.h
configure:4048: result: yes
configure:4064: checking for pkg-config
configure:4082: found /usr/bin/pkg-config
configure:4095: result: /usr/bin/pkg-config
configure:4118: checking for
  clanCore-0.7    >= 0.7.4
  clanApp-0.7     >= 0.7.4
  clanDisplay-0.7 >= 0.7.4
  clanGL-0.7      >= 0.7.4
  clanSound-0.7   >= 0.7.4
  
configure:4134: result: yes
configure:4138: checking FEUERKRAFT_DEPS_CFLAGS
configure:4147: result: -I/home/ingo/run/ClanLib-0.7-2004-01-09/include/ClanLib-0.7  
configure:4150: checking FEUERKRAFT_DEPS_LIBS
configure:4159: result: -L/home/ingo/run/ClanLib-0.7-2004-01-09/lib -lclanApp -lclanGL -lclanDisplay -lclanSound -lclanCore  
configure:4323: creating ./config.status

## ---------------------- ##
## Running config.status. ##
## ---------------------- ##

This file was extended by Colorasion config.status 0.0.1, which was
generated by GNU Autoconf 2.57.  Invocation command line was

  CONFIG_FILES    = 
  CONFIG_HEADERS  = 
  CONFIG_LINKS    = 
  CONFIG_COMMANDS = 
  $ ./config.status 

on penpen

config.status:666: creating Makefile
config.status:666: creating data/Makefile
config.status:666: creating src/Makefile
config.status:666: creating src/input/Makefile
config.status:770: creating config.h
config.status:879: config.h is unchanged
config.status:1001: executing depfiles commands

## ---------------- ##
## Cache variables. ##
## ---------------- ##

ac_cv_c_compiler_gnu=yes
ac_cv_cxx_compiler_gnu=yes
ac_cv_env_CC_set=
ac_cv_env_CC_value=
ac_cv_env_CFLAGS_set=
ac_cv_env_CFLAGS_value=
ac_cv_env_CPPFLAGS_set=
ac_cv_env_CPPFLAGS_value=
ac_cv_env_CXXCPP_set=
ac_cv_env_CXXCPP_value=
ac_cv_env_CXXFLAGS_set=
ac_cv_env_CXXFLAGS_value=
ac_cv_env_CXX_set=set
ac_cv_env_CXX_value=g++-3.3
ac_cv_env_LDFLAGS_set=
ac_cv_env_LDFLAGS_value=
ac_cv_env_build_alias_set=
ac_cv_env_build_alias_value=
ac_cv_env_host_alias_set=
ac_cv_env_host_alias_value=
ac_cv_env_target_alias_set=
ac_cv_env_target_alias_value=
ac_cv_exeext=
ac_cv_header_guile_gh_h=yes
ac_cv_header_inttypes_h=yes
ac_cv_header_memory_h=yes
ac_cv_header_stdc=yes
ac_cv_header_stdint_h=yes
ac_cv_header_stdlib_h=yes
ac_cv_header_string_h=yes
ac_cv_header_strings_h=yes
ac_cv_header_sys_stat_h=yes
ac_cv_header_sys_types_h=yes
ac_cv_header_unistd_h=yes
ac_cv_lib_guile_scm_boot_guile=yes
ac_cv_lib_qthreads_main=yes
ac_cv_objext=o
ac_cv_path_PKG_CONFIG=/usr/bin/pkg-config
ac_cv_path_install='/usr/bin/install -c'
ac_cv_prog_AWK=gawk
ac_cv_prog_CXXCPP='g++-3.3 -E'
ac_cv_prog_ac_ct_CC=gcc
ac_cv_prog_ac_ct_RANLIB=ranlib
ac_cv_prog_cc_g=yes
ac_cv_prog_cc_stdc=
ac_cv_prog_cxx_g=yes
ac_cv_prog_egrep='grep -E'
ac_cv_prog_make_make_set=yes
am_cv_CC_dependencies_compiler_type=gcc3
am_cv_CXX_dependencies_compiler_type=gcc3

## ----------------- ##
## Output variables. ##
## ----------------- ##

ACLOCAL='${SHELL} /home/ingo/projects/colorasion/trunk/missing --run aclocal-1.7'
AMDEPBACKSLASH='\'
AMDEP_FALSE='#'
AMDEP_TRUE=''
AMTAR='${SHELL} /home/ingo/projects/colorasion/trunk/missing --run tar'
AUTOCONF='${SHELL} /home/ingo/projects/colorasion/trunk/missing --run autoconf'
AUTOHEADER='${SHELL} /home/ingo/projects/colorasion/trunk/missing --run autoheader'
AUTOMAKE='${SHELL} /home/ingo/projects/colorasion/trunk/missing --run automake-1.7'
AWK='gawk'
CC='gcc'
CCDEPMODE='depmode=gcc3'
CFLAGS='-g -O2'
CPPFLAGS=''
CXX='g++-3.3'
CXXCPP='g++-3.3 -E'
CXXDEPMODE='depmode=gcc3'
CXXFLAGS='-g -O2 -I/home/ingo/run/ClanLib-0.7-2004-01-09/include/ClanLib-0.7  '
CYGPATH_W='echo'
DEFS='-DHAVE_CONFIG_H'
DEPDIR='.deps'
ECHO_C=''
ECHO_N='-n'
ECHO_T=''
EGREP='grep -E'
EXEEXT=''
FEUERKRAFT_DEPS_CFLAGS='-I/home/ingo/run/ClanLib-0.7-2004-01-09/include/ClanLib-0.7  '
FEUERKRAFT_DEPS_LIBS='-L/home/ingo/run/ClanLib-0.7-2004-01-09/lib -lclanApp -lclanGL -lclanDisplay -lclanSound -lclanCore  '
INSTALL_DATA='${INSTALL} -m 644'
INSTALL_PROGRAM='${INSTALL}'
INSTALL_SCRIPT='${INSTALL}'
INSTALL_STRIP_PROGRAM='${SHELL} $(install_sh) -c -s'
LDFLAGS=''
LIBOBJS=''
LIBS='-lguile -lqthreads  -L/home/ingo/run/ClanLib-0.7-2004-01-09/lib -lclanApp -lclanGL -lclanDisplay -lclanSound -lclanCore  '
LTLIBOBJS=''
MAKEINFO='${SHELL} /home/ingo/projects/colorasion/trunk/missing --run makeinfo'
OBJEXT='o'
PACKAGE='colorasion'
PACKAGE_BUGREPORT=''
PACKAGE_NAME='Colorasion'
PACKAGE_STRING='Colorasion 0.0.1'
PACKAGE_TARNAME='colorasion'
PACKAGE_VERSION='0.0.1'
PATH_SEPARATOR=':'
PKG_CONFIG='/usr/bin/pkg-config'
RANLIB='ranlib'
SET_MAKE=''
SHELL='/bin/sh'
STRIP=''
VERSION='0.0.1'
ac_ct_CC='gcc'
ac_ct_CXX=''
ac_ct_RANLIB='ranlib'
ac_ct_STRIP=''
am__fastdepCC_FALSE='#'
am__fastdepCC_TRUE=''
am__fastdepCXX_FALSE='#'
am__fastdepCXX_TRUE=''
am__include='include'
am__leading_dot='.'
am__quote=''
bindir='${exec_prefix}/bin'
build_alias=''
datadir='${prefix}/share'
exec_prefix='${prefix}'
host_alias=''
includedir='${prefix}/include'
infodir='${prefix}/info'
install_sh='/home/ingo/projects/colorasion/trunk/install-sh'
libdir='${exec_prefix}/lib'
libexecdir='${exec_prefix}/libexec'
localstatedir='${prefix}/var'
mandir='${prefix}/man'
oldincludedir='/usr/include'
prefix='/usr/local'
program_transform_name='s,x,x,'
sbindir='${exec_prefix}/sbin'
sharedstatedir='${prefix}/com'
sysconfdir='${prefix}/etc'
target_alias=''

## ----------- ##
## confdefs.h. ##
## ----------- ##

#define HAVE_INTTYPES_H 1
#define HAVE_LIBGUILE 1
#define HAVE_LIBQTHREADS 1
#define HAVE_MEMORY_H 1
#define HAVE_STDINT_H 1
#define HAVE_STDLIB_H 1
#define HAVE_STRINGS_H 1
#define HAVE_STRING_H 1
#define HAVE_SYS_STAT_H 1
#define HAVE_SYS_TYPES_H 1
#define HAVE_UNISTD_H 1
#define PACKAGE "colorasion"
#define PACKAGE_BUGREPORT ""
#define PACKAGE_NAME "Colorasion"
#define PACKAGE_STRING "Colorasion 0.0.1"
#define PACKAGE_TARNAME "colorasion"
#define PACKAGE_VERSION "0.0.1"
#define STDC_HEADERS 1
#define VERSION "0.0.1"
#endif
#ifdef __cplusplus
extern "C" void std::exit (int) throw (); using std::exit;

configure: exit 0
